<?xml version="1.0"?>
<zs:searchRetrieveResponse xmlns:zs="http://docs.oasis-open.org/ns/search-ws/sruResponse"><zs:numberOfRecords>0</zs:numberOfRecords><zs:echoedSearchRetrieveRequest><zs:version>2.0</zs:version><zs:query>bath.isbn=9780321635747</zs:query><zs:maximumRecords>1</zs:maximumRecords><zs:recordXMLEscaping>xml</zs:recordXMLEscaping><zs:recordSchema>dc</zs:recordSchema></zs:echoedSearchRetrieveRequest></zs:searchRetrieveResponse>
